# JRE version: Java(TM) SE Runtime Environment (7.0_51-b13) (build 1.7.0_51-b13)
# Java VM: Java HotSpot(TM) 64-Bit Server VM (24.51-b03 mixed mode windows-amd64 compressed oops)
Heap
 PSYoungGen      total 139264K, used 18059K [0x00000000eb100000, 0x00000000f9480000, 0x0000000100000000)
  eden space 129536K, 6% used [0x00000000eb100000,0x00000000eb929d10,0x00000000f2f80000)
  from space 9728K, 99% used [0x00000000f2f80000,0x00000000f38f9020,0x00000000f3900000)
  to   space 12800K, 0% used [0x00000000f8800000,0x00000000f8800000,0x00000000f9480000)
 ParOldGen       total 42496K, used 19781K [0x00000000c1400000, 0x00000000c3d80000, 0x00000000eb100000)
  object space 42496K, 46% used [0x00000000c1400000,0x00000000c2751698,0x00000000c3d80000)
 PSPermGen       total 31232K, used 31112K [0x00000000bc200000, 0x00000000be080000, 0x00000000c1400000)
  object space 31232K, 99% used [0x00000000bc200000,0x00000000be0623e0,0x00000000be080000)
GC Heap History (10 events):
Event: 4.228 GC heap before
{Heap before GC invocations=5 (full 0):
 PSYoungGen      total 35328K, used 35321K [0x00000000eb100000, 0x00000000ed600000, 0x0000000100000000)
  eden space 32768K, 100% used [0x00000000eb100000,0x00000000ed100000,0x00000000ed100000)
  from space 2560K, 99% used [0x00000000ed380000,0x00000000ed5fe450,0x00000000ed600000)
  to   space 2560K, 0% used [0x00000000ed100000,0x00000000ed100000,0x00000000ed380000)
 ParOldGen       total 42496K, used 9032K [0x00000000c1400000, 0x00000000c3d80000, 0x00000000eb100000)
  object space 42496K, 21% used [0x00000000c1400000,0x00000000c1cd2260,0x00000000c3d80000)
 PSPermGen       total 21504K, used 17690K [0x00000000bc200000, 0x00000000bd700000, 0x00000000c1400000)
  object space 21504K, 82% used [0x00000000bc200000,0x00000000bd346878,0x00000000bd700000)
Event: 4.238 GC heap after
Heap after GC invocations=5 (full 0):
 PSYoungGen      total 35328K, used 2553K [0x00000000eb100000, 0x00000000f0000000, 0x0000000100000000)
  eden space 32768K, 0% used [0x00000000eb100000,0x00000000eb100000,0x00000000ed100000)
  from space 2560K, 99% used [0x00000000ed100000,0x00000000ed37e430,0x00000000ed380000)
  to   space 7680K, 0% used [0x00000000ef880000,0x00000000ef880000,0x00000000f0000000)
 ParOldGen       total 42496K, used 12846K [0x00000000c1400000, 0x00000000c3d80000, 0x00000000eb100000)
  object space 42496K, 30% used [0x00000000c1400000,0x00000000c208b918,0x00000000c3d80000)
 PSPermGen       total 21504K, used 17690K [0x00000000bc200000, 0x00000000bd700000, 0x00000000c1400000)
  object space 21504K, 82% used [0x00000000bc200000,0x00000000bd346878,0x00000000bd700000)
}
Event: 4.712 GC heap before
{Heap before GC invocations=6 (full 0):
 PSYoungGen      total 35328K, used 35321K [0x00000000eb100000, 0x00000000f0000000, 0x0000000100000000)
  eden space 32768K, 100% used [0x00000000eb100000,0x00000000ed100000,0x00000000ed100000)
  from space 2560K, 99% used [0x00000000ed100000,0x00000000ed37e430,0x00000000ed380000)
  to   space 7680K, 0% used [0x00000000ef880000,0x00000000ef880000,0x00000000f0000000)
 ParOldGen       total 42496K, used 12846K [0x00000000c1400000, 0x00000000c3d80000, 0x00000000eb100000)
  object space 42496K, 30% used [0x00000000c1400000,0x00000000c208b918,0x00000000c3d80000)
 PSPermGen       total 21504K, used 18177K [0x00000000bc200000, 0x00000000bd700000, 0x00000000c1400000)
  object space 21504K, 84% used [0x00000000bc200000,0x00000000bd3c0480,0x00000000bd700000)
Event: 4.721 GC heap after
Heap after GC invocations=6 (full 0):
 PSYoungGen      total 73216K, used 3612K [0x00000000eb100000, 0x00000000f0000000, 0x0000000100000000)
  eden space 65536K, 0% used [0x00000000eb100000,0x00000000eb100000,0x00000000ef100000)
  from space 7680K, 47% used [0x00000000ef880000,0x00000000efc07208,0x00000000f0000000)
  to   space 7680K, 0% used [0x00000000ef100000,0x00000000ef100000,0x00000000ef880000)
 ParOldGen       total 42496K, used 12854K [0x00000000c1400000, 0x00000000c3d80000, 0x00000000eb100000)
  object space 42496K, 30% used [0x00000000c1400000,0x00000000c208d918,0x00000000c3d80000)
 PSPermGen       total 21504K, used 18177K [0x00000000bc200000, 0x00000000bd700000, 0x00000000c1400000)
  object space 21504K, 84% used [0x00000000bc200000,0x00000000bd3c0480,0x00000000bd700000)
}
Event: 5.772 GC heap before
{Heap before GC invocations=7 (full 0):
 PSYoungGen      total 73216K, used 69148K [0x00000000eb100000, 0x00000000f0000000, 0x0000000100000000)
  eden space 65536K, 100% used [0x00000000eb100000,0x00000000ef100000,0x00000000ef100000)
  from space 7680K, 47% used [0x00000000ef880000,0x00000000efc07208,0x00000000f0000000)
  to   space 7680K, 0% used [0x00000000ef100000,0x00000000ef100000,0x00000000ef880000)
 ParOldGen       total 42496K, used 12854K [0x00000000c1400000, 0x00000000c3d80000, 0x00000000eb100000)
  object space 42496K, 30% used [0x00000000c1400000,0x00000000c208d918,0x00000000c3d80000)
 PSPermGen       total 21504K, used 20614K [0x00000000bc200000, 0x00000000bd700000, 0x00000000c1400000)
  object space 21504K, 95% used [0x00000000bc200000,0x00000000bd6218a0,0x00000000bd700000)
Event: 5.784 GC heap after
Heap after GC invocations=7 (full 0):
 PSYoungGen      total 73216K, used 6144K [0x00000000eb100000, 0x00000000f4100000, 0x0000000100000000)
  eden space 65536K, 0% used [0x00000000eb100000,0x00000000eb100000,0x00000000ef100000)
  from space 7680K, 80% used [0x00000000ef100000,0x00000000ef700388,0x00000000ef880000)
  to   space 8192K, 0% used [0x00000000f3900000,0x00000000f3900000,0x00000000f4100000)
 ParOldGen       total 42496K, used 13885K [0x00000000c1400000, 0x00000000c3d80000, 0x00000000eb100000)
  object space 42496K, 32% used [0x00000000c1400000,0x00000000c218f488,0x00000000c3d80000)
 PSPermGen       total 21504K, used 20614K [0x00000000bc200000, 0x00000000bd700000, 0x00000000c1400000)
  object space 21504K, 95% used [0x00000000bc200000,0x00000000bd6218a0,0x00000000bd700000)
}
Event: 7.409 GC heap before
{Heap before GC invocations=8 (full 0):
 PSYoungGen      total 73216K, used 71680K [0x00000000eb100000, 0x00000000f4100000, 0x0000000100000000)
  eden space 65536K, 100% used [0x00000000eb100000,0x00000000ef100000,0x00000000ef100000)
  from space 7680K, 80% used [0x00000000ef100000,0x00000000ef700388,0x00000000ef880000)
  to   space 8192K, 0% used [0x00000000f3900000,0x00000000f3900000,0x00000000f4100000)
 ParOldGen       total 42496K, used 13885K [0x00000000c1400000, 0x00000000c3d80000, 0x00000000eb100000)
  object space 42496K, 32% used [0x00000000c1400000,0x00000000c218f488,0x00000000c3d80000)
 PSPermGen       total 25600K, used 25545K [0x00000000bc200000, 0x00000000bdb00000, 0x00000000c1400000)
  object space 25600K, 99% used [0x00000000bc200000,0x00000000bdaf27e8,0x00000000bdb00000)
Event: 7.443 GC heap after
Heap after GC invocations=8 (full 0):
 PSYoungGen      total 137728K, used 8164K [0x00000000eb100000, 0x00000000f4400000, 0x0000000100000000)
  eden space 129536K, 0% used [0x00000000eb100000,0x00000000eb100000,0x00000000f2f80000)
  from space 8192K, 99% used [0x00000000f3900000,0x00000000f40f9308,0x00000000f4100000)
  to   space 9728K, 0% used [0x00000000f2f80000,0x00000000f2f80000,0x00000000f3900000)
 ParOldGen       total 42496K, used 15533K [0x00000000c1400000, 0x00000000c3d80000, 0x00000000eb100000)
  object space 42496K, 36% used [0x00000000c1400000,0x00000000c232b418,0x00000000c3d80000)
 PSPermGen       total 25600K, used 25545K [0x00000000bc200000, 0x00000000bdb00000, 0x00000000c1400000)
  object space 25600K, 99% used [0x00000000bc200000,0x00000000bdaf27e8,0x00000000bdb00000)
}
Event: 9.673 GC heap before
{Heap before GC invocations=9 (full 0):
 PSYoungGen      total 137728K, used 137700K [0x00000000eb100000, 0x00000000f4400000, 0x0000000100000000)
  eden space 129536K, 100% used [0x00000000eb100000,0x00000000f2f80000,0x00000000f2f80000)
  from space 8192K, 99% used [0x00000000f3900000,0x00000000f40f9308,0x00000000f4100000)
  to   space 9728K, 0% used [0x00000000f2f80000,0x00000000f2f80000,0x00000000f3900000)
 ParOldGen       total 42496K, used 15533K [0x00000000c1400000, 0x00000000c3d80000, 0x00000000eb100000)
  object space 42496K, 36% used [0x00000000c1400000,0x00000000c232b418,0x00000000c3d80000)
 PSPermGen       total 30720K, used 30638K [0x00000000bc200000, 0x00000000be000000, 0x00000000c1400000)
  object space 30720K, 99% used [0x00000000bc200000,0x00000000bdfebb30,0x00000000be000000)
Event: 9.698 GC heap after
Heap after GC invocations=9 (full 0):
 PSYoungGen      total 139264K, used 9700K [0x00000000eb100000, 0x00000000f9480000, 0x0000000100000000)
  eden space 129536K, 0% used [0x00000000eb100000,0x00000000eb100000,0x00000000f2f80000)
  from space 9728K, 99% used [0x00000000f2f80000,0x00000000f38f9020,0x00000000f3900000)
  to   space 12800K, 0% used [0x00000000f8800000,0x00000000f8800000,0x00000000f9480000)
 ParOldGen       total 42496K, used 19781K [0x00000000c1400000, 0x00000000c3d80000, 0x00000000eb100000)
  object space 42496K, 46% used [0x00000000c1400000,0x00000000c2751698,0x00000000c3d80000)
 PSPermGen       total 30720K, used 30638K [0x00000000bc200000, 0x00000000be000000, 0x00000000c1400000)
  object space 30720K, 99% used [0x00000000bc200000,0x00000000bdfebb30,0x00000000be000000)
}

